vitamio/build/outputs/logs/manifest-merger-debug-report.txt
-- Merging decision tree log ---
manifest
ADDED from PetProject/vitamio/AndroidManifest.xml:1:1-12:12
INJECTED from PetProject/vitamio/AndroidManifest.xml:1:1-12:12
INJECTED from PetProject/vitamio/AndroidManifest.xml:1:1-12:12
	package
		ADDED from PetProject/vitamio/AndroidManifest.xml:2:5-29
		INJECTED from PetProject/vitamio/AndroidManifest.xml
		INJECTED from PetProject/vitamio/AndroidManifest.xml
	xmlns:android
		ADDED from PetProject/vitamio/AndroidManifest.xml:1:11-69
application
ADDED from PetProject/vitamio/AndroidManifest.xml:4:5-10:19
activity#io.vov.vitamio.activity.InitActivity
ADDED from PetProject/vitamio/AndroidManifest.xml:5:9-9:63
	android:launchMode
		ADDED from PetProject/vitamio/AndroidManifest.xml:8:13-43
	android:windowSoftInputMode
		ADDED from PetProject/vitamio/AndroidManifest.xml:9:13-60
	android:configChanges
		ADDED from PetProject/vitamio/AndroidManifest.xml:7:13-113
	android:name
		ADDED from PetProject/vitamio/AndroidManifest.xml:6:13-64
uses-sdk
INJECTED from PetProject/vitamio/AndroidManifest.xml reason: use-sdk injection requested
INJECTED from PetProject/vitamio/AndroidManifest.xml
INJECTED from PetProject/vitamio/AndroidManifest.xml
INJECTED from PetProject/vitamio/AndroidManifest.xml
INJECTED from PetProject/vitamio/AndroidManifest.xml
	android:targetSdkVersion
		INJECTED from PetProject/vitamio/AndroidManifest.xml
		ADDED from PetProject/vitamio/AndroidManifest.xml
		INJECTED from PetProject/vitamio/AndroidManifest.xml
	android:minSdkVersion
		INJECTED from PetProject/vitamio/AndroidManifest.xml
		ADDED from PetProject/vitamio/AndroidManifest.xml
		INJECTED from PetProject/vitamio/AndroidManifest.xml